{"C:\\Users\\Lucas\\Bureau\\OPC\\Projets\\bill-app\\Billed-app-FR-Front\\src\\constants\\routes.js": {"path":"C:\\Users\\Lucas\\Bureau\\OPC\\Projets\\bill-app\\Billed-app-FR-Front\\src\\constants\\routes.js","statementMap":{"0":{"start":{"line":6,"column":27},"end":{"line":11,"column":1}},"1":{"start":{"line":13,"column":22},"end":{"line":26,"column":1}},"2":{"start":{"line":14,"column":2},"end":{"line":25,"column":3}},"3":{"start":{"line":16,"column":6},"end":{"line":16,"column":47}},"4":{"start":{"line":18,"column":6},"end":{"line":18,"column":47}},"5":{"start":{"line":20,"column":6},"end":{"line":20,"column":25}},"6":{"start":{"line":22,"column":6},"end":{"line":22,"column":51}},"7":{"start":{"line":24,"column":6},"end":{"line":24,"column":47}}},"fnMap":{"0":{"name":"(anonymous_0)","decl":{"start":{"line":13,"column":22},"end":{"line":13,"column":23}},"loc":{"start":{"line":13,"column":62},"end":{"line":26,"column":1}},"line":13}},"branchMap":{"0":{"loc":{"start":{"line":14,"column":2},"end":{"line":25,"column":3}},"type":"switch","locations":[{"start":{"line":15,"column":4},"end":{"line":16,"column":47}},{"start":{"line":17,"column":4},"end":{"line":18,"column":47}},{"start":{"line":19,"column":4},"end":{"line":20,"column":25}},{"start":{"line":21,"column":4},"end":{"line":22,"column":51}},{"start":{"line":23,"column":4},"end":{"line":24,"column":47}}],"line":14}},"s":{"0":6,"1":6,"2":54,"3":10,"4":23,"5":6,"6":12,"7":3},"f":{"0":54},"b":{"0":[10,23,6,12,3]},"_coverageSchema":"1a1c01bbd47fc00a2c39e90264f33305004495a9","hash":"7a147f5935cdddd40b0ec33db7be00739de6efc4"}
,"C:\\Users\\Lucas\\Bureau\\OPC\\Projets\\bill-app\\Billed-app-FR-Front\\src\\constants\\usersTest.js": {"path":"C:\\Users\\Lucas\\Bureau\\OPC\\Projets\\bill-app\\Billed-app-FR-Front\\src\\constants\\usersTest.js","statementMap":{},"fnMap":{},"branchMap":{},"s":{},"f":{},"b":{},"_coverageSchema":"1a1c01bbd47fc00a2c39e90264f33305004495a9","hash":"0fb44216f3913ccc3274df2e6bf6ec4bb37cd4d0"}
,"C:\\Users\\Lucas\\Bureau\\OPC\\Projets\\bill-app\\Billed-app-FR-Front\\src\\containers\\Bills.js": {"path":"C:\\Users\\Lucas\\Bureau\\OPC\\Projets\\bill-app\\Billed-app-FR-Front\\src\\containers\\Bills.js","statementMap":{"0":{"start":{"line":7,"column":4},"end":{"line":7,"column":29}},"1":{"start":{"line":8,"column":4},"end":{"line":8,"column":33}},"2":{"start":{"line":9,"column":4},"end":{"line":9,"column":23}},"3":{"start":{"line":10,"column":26},"end":{"line":10,"column":86}},"4":{"start":{"line":12,"column":4},"end":{"line":12,"column":88}},"5":{"start":{"line":12,"column":23},"end":{"line":12,"column":88}},"6":{"start":{"line":13,"column":20},"end":{"line":13,"column":76}},"7":{"start":{"line":15,"column":4},"end":{"line":18,"column":9}},"8":{"start":{"line":16,"column":6},"end":{"line":18,"column":9}},"9":{"start":{"line":17,"column":8},"end":{"line":17,"column":76}},"10":{"start":{"line":17,"column":45},"end":{"line":17,"column":74}},"11":{"start":{"line":19,"column":4},"end":{"line":19,"column":55}},"12":{"start":{"line":22,"column":23},"end":{"line":24,"column":3}},"13":{"start":{"line":23,"column":4},"end":{"line":23,"column":44}},"14":{"start":{"line":26,"column":23},"end":{"line":33,"column":3}},"15":{"start":{"line":27,"column":20},"end":{"line":27,"column":54}},"16":{"start":{"line":28,"column":21},"end":{"line":28,"column":63}},"17":{"start":{"line":29,"column":4},"end":{"line":31,"column":135}},"18":{"start":{"line":32,"column":4},"end":{"line":32,"column":35}},"19":{"start":{"line":35,"column":13},"end":{"line":63,"column":3}},"20":{"start":{"line":36,"column":4},"end":{"line":62,"column":5}},"21":{"start":{"line":37,"column":6},"end":{"line":61,"column":11}},"22":{"start":{"line":41,"column":24},"end":{"line":58,"column":12}},"23":{"start":{"line":42,"column":12},"end":{"line":57,"column":13}},"24":{"start":{"line":43,"column":14},"end":{"line":47,"column":16}},"25":{"start":{"line":51,"column":14},"end":{"line":51,"column":41}},"26":{"start":{"line":52,"column":14},"end":{"line":56,"column":16}},"27":{"start":{"line":59,"column":10},"end":{"line":59,"column":46}},"28":{"start":{"line":60,"column":10},"end":{"line":60,"column":23}}},"fnMap":{"0":{"name":"(anonymous_0)","decl":{"start":{"line":6,"column":2},"end":{"line":6,"column":3}},"loc":{"start":{"line":6,"column":61},"end":{"line":20,"column":3}},"line":6},"1":{"name":"(anonymous_1)","decl":{"start":{"line":16,"column":22},"end":{"line":16,"column":23}},"loc":{"start":{"line":16,"column":32},"end":{"line":18,"column":7}},"line":16},"2":{"name":"(anonymous_2)","decl":{"start":{"line":17,"column":39},"end":{"line":17,"column":40}},"loc":{"start":{"line":17,"column":45},"end":{"line":17,"column":74}},"line":17},"3":{"name":"(anonymous_3)","decl":{"start":{"line":22,"column":23},"end":{"line":22,"column":24}},"loc":{"start":{"line":22,"column":29},"end":{"line":24,"column":3}},"line":22},"4":{"name":"(anonymous_4)","decl":{"start":{"line":26,"column":23},"end":{"line":26,"column":24}},"loc":{"start":{"line":26,"column":33},"end":{"line":33,"column":3}},"line":26},"5":{"name":"(anonymous_5)","decl":{"start":{"line":35,"column":13},"end":{"line":35,"column":14}},"loc":{"start":{"line":35,"column":19},"end":{"line":63,"column":3}},"line":35},"6":{"name":"(anonymous_6)","decl":{"start":{"line":40,"column":14},"end":{"line":40,"column":15}},"loc":{"start":{"line":40,"column":28},"end":{"line":61,"column":9}},"line":40},"7":{"name":"(anonymous_7)","decl":{"start":{"line":41,"column":37},"end":{"line":41,"column":38}},"loc":{"start":{"line":41,"column":46},"end":{"line":58,"column":11}},"line":41}},"branchMap":{"0":{"loc":{"start":{"line":12,"column":4},"end":{"line":12,"column":88}},"type":"if","locations":[{"start":{"line":12,"column":4},"end":{"line":12,"column":88}},{"start":{},"end":{}}],"line":12},"1":{"loc":{"start":{"line":15,"column":4},"end":{"line":18,"column":9}},"type":"if","locations":[{"start":{"line":15,"column":4},"end":{"line":18,"column":9}},{"start":{},"end":{}}],"line":15},"2":{"loc":{"start":{"line":36,"column":4},"end":{"line":62,"column":5}},"type":"if","locations":[{"start":{"line":36,"column":4},"end":{"line":62,"column":5}},{"start":{},"end":{}}],"line":36}},"s":{"0":13,"1":13,"2":13,"3":13,"4":13,"5":10,"6":13,"7":13,"8":13,"9":24,"10":1,"11":13,"12":13,"13":2,"14":13,"15":2,"16":2,"17":2,"18":2,"19":13,"20":9,"21":9,"22":3,"23":12,"24":12,"25":0,"26":0,"27":3,"28":3},"f":{"0":13,"1":24,"2":1,"3":2,"4":2,"5":9,"6":3,"7":12},"b":{"0":[10,3],"1":[13,0],"2":[9,0]},"_coverageSchema":"1a1c01bbd47fc00a2c39e90264f33305004495a9","hash":"874f7b1a54a935ad2e81da476b325bde4277bc33"}
,"C:\\Users\\Lucas\\Bureau\\OPC\\Projets\\bill-app\\Billed-app-FR-Front\\src\\containers\\Dashboard.js": {"path":"C:\\Users\\Lucas\\Bureau\\OPC\\Projets\\bill-app\\Billed-app-FR-Front\\src\\containers\\Dashboard.js","statementMap":{"0":{"start":{"line":8,"column":29},"end":{"line":26,"column":1}},"1":{"start":{"line":9,"column":2},"end":{"line":25,"column":9}},"2":{"start":{"line":14,"column":8},"end":{"line":21,"column":9}},"3":{"start":{"line":15,"column":10},"end":{"line":15,"column":51}},"4":{"start":{"line":20,"column":10},"end":{"line":20,"column":103}},"5":{"start":{"line":23,"column":8},"end":{"line":23,"column":31}},"6":{"start":{"line":28,"column":20},"end":{"line":49,"column":1}},"7":{"start":{"line":29,"column":28},"end":{"line":29,"column":52}},"8":{"start":{"line":30,"column":20},"end":{"line":30,"column":90}},"9":{"start":{"line":31,"column":19},"end":{"line":31,"column":104}},"10":{"start":{"line":33,"column":2},"end":{"line":48,"column":4}},"11":{"start":{"line":51,"column":21},"end":{"line":53,"column":1}},"12":{"start":{"line":52,"column":2},"end":{"line":52,"column":79}},"13":{"start":{"line":52,"column":53},"end":{"line":52,"column":63}},"14":{"start":{"line":55,"column":25},"end":{"line":64,"column":1}},"15":{"start":{"line":56,"column":2},"end":{"line":63,"column":3}},"16":{"start":{"line":58,"column":6},"end":{"line":58,"column":23}},"17":{"start":{"line":60,"column":6},"end":{"line":60,"column":24}},"18":{"start":{"line":62,"column":6},"end":{"line":62,"column":23}},"19":{"start":{"line":68,"column":4},"end":{"line":68,"column":29}},"20":{"start":{"line":69,"column":4},"end":{"line":69,"column":33}},"21":{"start":{"line":70,"column":4},"end":{"line":70,"column":23}},"22":{"start":{"line":71,"column":4},"end":{"line":71,"column":72}},"23":{"start":{"line":71,"column":35},"end":{"line":71,"column":70}},"24":{"start":{"line":72,"column":4},"end":{"line":72,"column":72}},"25":{"start":{"line":72,"column":35},"end":{"line":72,"column":70}},"26":{"start":{"line":73,"column":4},"end":{"line":73,"column":72}},"27":{"start":{"line":73,"column":35},"end":{"line":73,"column":70}},"28":{"start":{"line":74,"column":4},"end":{"line":74,"column":45}},"29":{"start":{"line":77,"column":23},"end":{"line":82,"column":3}},"30":{"start":{"line":78,"column":20},"end":{"line":78,"column":58}},"31":{"start":{"line":79,"column":21},"end":{"line":79,"column":69}},"32":{"start":{"line":80,"column":4},"end":{"line":80,"column":145}},"33":{"start":{"line":81,"column":4},"end":{"line":81,"column":97}},"34":{"start":{"line":81,"column":60},"end":{"line":81,"column":97}},"35":{"start":{"line":85,"column":4},"end":{"line":85,"column":76}},"36":{"start":{"line":85,"column":59},"end":{"line":85,"column":76}},"37":{"start":{"line":86,"column":4},"end":{"line":86,"column":72}},"38":{"start":{"line":86,"column":54},"end":{"line":86,"column":72}},"39":{"start":{"line":87,"column":4},"end":{"line":103,"column":5}},"40":{"start":{"line":88,"column":6},"end":{"line":90,"column":9}},"41":{"start":{"line":89,"column":8},"end":{"line":89,"column":62}},"42":{"start":{"line":91,"column":6},"end":{"line":91,"column":63}},"43":{"start":{"line":92,"column":6},"end":{"line":92,"column":70}},"44":{"start":{"line":93,"column":6},"end":{"line":93,"column":53}},"45":{"start":{"line":94,"column":6},"end":{"line":94,"column":21}},"46":{"start":{"line":96,"column":6},"end":{"line":96,"column":63}},"47":{"start":{"line":98,"column":6},"end":{"line":100,"column":9}},"48":{"start":{"line":101,"column":6},"end":{"line":101,"column":53}},"49":{"start":{"line":102,"column":6},"end":{"line":102,"column":21}},"50":{"start":{"line":104,"column":4},"end":{"line":104,"column":52}},"51":{"start":{"line":105,"column":4},"end":{"line":105,"column":73}},"52":{"start":{"line":105,"column":39},"end":{"line":105,"column":71}},"53":{"start":{"line":106,"column":4},"end":{"line":106,"column":73}},"54":{"start":{"line":106,"column":39},"end":{"line":106,"column":71}},"55":{"start":{"line":109,"column":23},"end":{"line":117,"column":3}},"56":{"start":{"line":110,"column":20},"end":{"line":114,"column":5}},"57":{"start":{"line":115,"column":4},"end":{"line":115,"column":29}},"58":{"start":{"line":116,"column":4},"end":{"line":116,"column":46}},"59":{"start":{"line":119,"column":23},"end":{"line":127,"column":3}},"60":{"start":{"line":120,"column":20},"end":{"line":124,"column":5}},"61":{"start":{"line":125,"column":4},"end":{"line":125,"column":29}},"62":{"start":{"line":126,"column":4},"end":{"line":126,"column":46}},"63":{"start":{"line":130,"column":4},"end":{"line":130,"column":77}},"64":{"start":{"line":130,"column":60},"end":{"line":130,"column":77}},"65":{"start":{"line":131,"column":4},"end":{"line":131,"column":77}},"66":{"start":{"line":131,"column":58},"end":{"line":131,"column":77}},"67":{"start":{"line":132,"column":4},"end":{"line":140,"column":5}},"68":{"start":{"line":133,"column":6},"end":{"line":133,"column":71}},"69":{"start":{"line":134,"column":6},"end":{"line":134,"column":105}},"70":{"start":{"line":135,"column":6},"end":{"line":135,"column":21}},"71":{"start":{"line":137,"column":6},"end":{"line":137,"column":72}},"72":{"start":{"line":138,"column":6},"end":{"line":138,"column":57}},"73":{"start":{"line":139,"column":6},"end":{"line":139,"column":21}},"74":{"start":{"line":142,"column":4},"end":{"line":142,"column":33}},"75":{"start":{"line":143,"column":4},"end":{"line":145,"column":7}},"76":{"start":{"line":144,"column":6},"end":{"line":144,"column":90}},"77":{"start":{"line":144,"column":51},"end":{"line":144,"column":88}},"78":{"start":{"line":147,"column":4},"end":{"line":147,"column":17}},"79":{"start":{"line":150,"column":21},"end":{"line":168,"column":3}},"80":{"start":{"line":151,"column":4},"end":{"line":167,"column":5}},"81":{"start":{"line":152,"column":6},"end":{"line":166,"column":11}},"82":{"start":{"line":156,"column":24},"end":{"line":161,"column":13}},"83":{"start":{"line":156,"column":47},"end":{"line":161,"column":11}},"84":{"start":{"line":162,"column":10},"end":{"line":162,"column":23}},"85":{"start":{"line":165,"column":10},"end":{"line":165,"column":22}}},"fnMap":{"0":{"name":"(anonymous_0)","decl":{"start":{"line":8,"column":29},"end":{"line":8,"column":30}},"loc":{"start":{"line":8,"column":47},"end":{"line":26,"column":1}},"line":8},"1":{"name":"(anonymous_1)","decl":{"start":{"line":10,"column":18},"end":{"line":10,"column":19}},"loc":{"start":{"line":10,"column":28},"end":{"line":24,"column":7}},"line":10},"2":{"name":"(anonymous_2)","decl":{"start":{"line":28,"column":20},"end":{"line":28,"column":21}},"loc":{"start":{"line":28,"column":30},"end":{"line":49,"column":1}},"line":28},"3":{"name":"(anonymous_3)","decl":{"start":{"line":51,"column":21},"end":{"line":51,"column":22}},"loc":{"start":{"line":51,"column":32},"end":{"line":53,"column":1}},"line":51},"4":{"name":"(anonymous_4)","decl":{"start":{"line":52,"column":43},"end":{"line":52,"column":44}},"loc":{"start":{"line":52,"column":53},"end":{"line":52,"column":63}},"line":52},"5":{"name":"(anonymous_5)","decl":{"start":{"line":55,"column":25},"end":{"line":55,"column":26}},"loc":{"start":{"line":55,"column":36},"end":{"line":64,"column":1}},"line":55},"6":{"name":"(anonymous_6)","decl":{"start":{"line":67,"column":2},"end":{"line":67,"column":3}},"loc":{"start":{"line":67,"column":68},"end":{"line":75,"column":3}},"line":67},"7":{"name":"(anonymous_7)","decl":{"start":{"line":71,"column":28},"end":{"line":71,"column":29}},"loc":{"start":{"line":71,"column":35},"end":{"line":71,"column":70}},"line":71},"8":{"name":"(anonymous_8)","decl":{"start":{"line":72,"column":28},"end":{"line":72,"column":29}},"loc":{"start":{"line":72,"column":35},"end":{"line":72,"column":70}},"line":72},"9":{"name":"(anonymous_9)","decl":{"start":{"line":73,"column":28},"end":{"line":73,"column":29}},"loc":{"start":{"line":73,"column":35},"end":{"line":73,"column":70}},"line":73},"10":{"name":"(anonymous_10)","decl":{"start":{"line":77,"column":23},"end":{"line":77,"column":24}},"loc":{"start":{"line":77,"column":29},"end":{"line":82,"column":3}},"line":77},"11":{"name":"(anonymous_11)","decl":{"start":{"line":84,"column":2},"end":{"line":84,"column":3}},"loc":{"start":{"line":84,"column":35},"end":{"line":107,"column":3}},"line":84},"12":{"name":"(anonymous_12)","decl":{"start":{"line":88,"column":20},"end":{"line":88,"column":21}},"loc":{"start":{"line":88,"column":27},"end":{"line":90,"column":7}},"line":88},"13":{"name":"(anonymous_13)","decl":{"start":{"line":105,"column":32},"end":{"line":105,"column":33}},"loc":{"start":{"line":105,"column":39},"end":{"line":105,"column":71}},"line":105},"14":{"name":"(anonymous_14)","decl":{"start":{"line":106,"column":32},"end":{"line":106,"column":33}},"loc":{"start":{"line":106,"column":39},"end":{"line":106,"column":71}},"line":106},"15":{"name":"(anonymous_15)","decl":{"start":{"line":109,"column":23},"end":{"line":109,"column":24}},"loc":{"start":{"line":109,"column":36},"end":{"line":117,"column":3}},"line":109},"16":{"name":"(anonymous_16)","decl":{"start":{"line":119,"column":23},"end":{"line":119,"column":24}},"loc":{"start":{"line":119,"column":36},"end":{"line":127,"column":3}},"line":119},"17":{"name":"(anonymous_17)","decl":{"start":{"line":129,"column":2},"end":{"line":129,"column":3}},"loc":{"start":{"line":129,"column":37},"end":{"line":148,"column":3}},"line":129},"18":{"name":"(anonymous_18)","decl":{"start":{"line":143,"column":18},"end":{"line":143,"column":19}},"loc":{"start":{"line":143,"column":28},"end":{"line":145,"column":5}},"line":143},"19":{"name":"(anonymous_19)","decl":{"start":{"line":144,"column":44},"end":{"line":144,"column":45}},"loc":{"start":{"line":144,"column":51},"end":{"line":144,"column":88}},"line":144},"20":{"name":"(anonymous_20)","decl":{"start":{"line":150,"column":21},"end":{"line":150,"column":22}},"loc":{"start":{"line":150,"column":27},"end":{"line":168,"column":3}},"line":150},"21":{"name":"(anonymous_21)","decl":{"start":{"line":155,"column":14},"end":{"line":155,"column":15}},"loc":{"start":{"line":155,"column":28},"end":{"line":163,"column":9}},"line":155},"22":{"name":"(anonymous_22)","decl":{"start":{"line":156,"column":37},"end":{"line":156,"column":38}},"loc":{"start":{"line":156,"column":47},"end":{"line":161,"column":11}},"line":156},"23":{"name":"(anonymous_23)","decl":{"start":{"line":164,"column":15},"end":{"line":164,"column":16}},"loc":{"start":{"line":164,"column":26},"end":{"line":166,"column":9}},"line":164}},"branchMap":{"0":{"loc":{"start":{"line":9,"column":9},"end":{"line":25,"column":8}},"type":"cond-expr","locations":[{"start":{"line":10,"column":6},"end":{"line":24,"column":8}},{"start":{"line":25,"column":6},"end":{"line":25,"column":8}}],"line":9},"1":{"loc":{"start":{"line":9,"column":9},"end":{"line":9,"column":28}},"type":"binary-expr","locations":[{"start":{"line":9,"column":9},"end":{"line":9,"column":13}},{"start":{"line":9,"column":17},"end":{"line":9,"column":28}}],"line":9},"2":{"loc":{"start":{"line":14,"column":8},"end":{"line":21,"column":9}},"type":"if","locations":[{"start":{"line":14,"column":8},"end":{"line":21,"column":9}},{"start":{"line":16,"column":15},"end":{"line":21,"column":9}}],"line":14},"3":{"loc":{"start":{"line":20,"column":28},"end":{"line":20,"column":102}},"type":"binary-expr","locations":[{"start":{"line":20,"column":28},"end":{"line":20,"column":50}},{"start":{"line":20,"column":54},"end":{"line":20,"column":102}}],"line":20},"4":{"loc":{"start":{"line":30,"column":20},"end":{"line":30,"column":90}},"type":"cond-expr","locations":[{"start":{"line":30,"column":54},"end":{"line":30,"column":85}},{"start":{"line":30,"column":88},"end":{"line":30,"column":90}}],"line":30},"5":{"loc":{"start":{"line":31,"column":19},"end":{"line":31,"column":104}},"type":"cond-expr","locations":[{"start":{"line":31,"column":53},"end":{"line":31,"column":84}},{"start":{"line":31,"column":87},"end":{"line":31,"column":104}}],"line":31},"6":{"loc":{"start":{"line":52,"column":9},"end":{"line":52,"column":78}},"type":"cond-expr","locations":[{"start":{"line":52,"column":33},"end":{"line":52,"column":73}},{"start":{"line":52,"column":76},"end":{"line":52,"column":78}}],"line":52},"7":{"loc":{"start":{"line":52,"column":9},"end":{"line":52,"column":30}},"type":"binary-expr","locations":[{"start":{"line":52,"column":9},"end":{"line":52,"column":14}},{"start":{"line":52,"column":18},"end":{"line":52,"column":30}}],"line":52},"8":{"loc":{"start":{"line":56,"column":2},"end":{"line":63,"column":3}},"type":"switch","locations":[{"start":{"line":57,"column":4},"end":{"line":58,"column":23}},{"start":{"line":59,"column":4},"end":{"line":60,"column":24}},{"start":{"line":61,"column":4},"end":{"line":62,"column":23}}],"line":56},"9":{"loc":{"start":{"line":81,"column":4},"end":{"line":81,"column":97}},"type":"if","locations":[{"start":{"line":81,"column":4},"end":{"line":81,"column":97}},{"start":{},"end":{}}],"line":81},"10":{"loc":{"start":{"line":85,"column":4},"end":{"line":85,"column":76}},"type":"if","locations":[{"start":{"line":85,"column":4},"end":{"line":85,"column":76}},{"start":{},"end":{}}],"line":85},"11":{"loc":{"start":{"line":85,"column":8},"end":{"line":85,"column":57}},"type":"binary-expr","locations":[{"start":{"line":85,"column":8},"end":{"line":85,"column":34}},{"start":{"line":85,"column":38},"end":{"line":85,"column":57}}],"line":85},"12":{"loc":{"start":{"line":86,"column":4},"end":{"line":86,"column":72}},"type":"if","locations":[{"start":{"line":86,"column":4},"end":{"line":86,"column":72}},{"start":{},"end":{}}],"line":86},"13":{"loc":{"start":{"line":86,"column":8},"end":{"line":86,"column":52}},"type":"binary-expr","locations":[{"start":{"line":86,"column":8},"end":{"line":86,"column":29}},{"start":{"line":86,"column":33},"end":{"line":86,"column":52}}],"line":86},"14":{"loc":{"start":{"line":87,"column":4},"end":{"line":103,"column":5}},"type":"if","locations":[{"start":{"line":87,"column":4},"end":{"line":103,"column":5}},{"start":{"line":95,"column":11},"end":{"line":103,"column":5}}],"line":87},"15":{"loc":{"start":{"line":130,"column":4},"end":{"line":130,"column":77}},"type":"if","locations":[{"start":{"line":130,"column":4},"end":{"line":130,"column":77}},{"start":{},"end":{}}],"line":130},"16":{"loc":{"start":{"line":130,"column":8},"end":{"line":130,"column":58}},"type":"binary-expr","locations":[{"start":{"line":130,"column":8},"end":{"line":130,"column":34}},{"start":{"line":130,"column":38},"end":{"line":130,"column":58}}],"line":130},"17":{"loc":{"start":{"line":131,"column":4},"end":{"line":131,"column":77}},"type":"if","locations":[{"start":{"line":131,"column":4},"end":{"line":131,"column":77}},{"start":{},"end":{}}],"line":131},"18":{"loc":{"start":{"line":131,"column":8},"end":{"line":131,"column":56}},"type":"binary-expr","locations":[{"start":{"line":131,"column":8},"end":{"line":131,"column":32}},{"start":{"line":131,"column":36},"end":{"line":131,"column":56}}],"line":131},"19":{"loc":{"start":{"line":132,"column":4},"end":{"line":140,"column":5}},"type":"if","locations":[{"start":{"line":132,"column":4},"end":{"line":140,"column":5}},{"start":{"line":136,"column":11},"end":{"line":140,"column":5}}],"line":132},"20":{"loc":{"start":{"line":151,"column":4},"end":{"line":167,"column":5}},"type":"if","locations":[{"start":{"line":151,"column":4},"end":{"line":167,"column":5}},{"start":{},"end":{}}],"line":151}},"s":{"0":6,"1":44,"2":104,"3":104,"4":0,"5":104,"6":6,"7":6,"8":6,"9":6,"10":6,"11":6,"12":6,"13":6,"14":6,"15":5,"16":3,"17":1,"18":1,"19":14,"20":14,"21":14,"22":14,"23":0,"24":14,"25":0,"26":14,"27":0,"28":14,"29":14,"30":1,"31":1,"32":1,"33":1,"34":0,"35":3,"36":2,"37":3,"38":2,"39":3,"40":2,"41":8,"42":2,"43":2,"44":2,"45":2,"46":1,"47":1,"48":1,"49":1,"50":3,"51":3,"52":0,"53":3,"54":0,"55":14,"56":1,"57":1,"58":1,"59":14,"60":1,"61":1,"62":1,"63":5,"64":5,"65":5,"66":5,"67":5,"68":5,"69":5,"70":5,"71":0,"72":0,"73":0,"74":5,"75":5,"76":20,"77":3,"78":5,"79":14,"80":5,"81":5,"82":3,"83":12,"84":3,"85":2},"f":{"0":44,"1":104,"2":6,"3":6,"4":6,"5":5,"6":14,"7":0,"8":0,"9":0,"10":1,"11":3,"12":8,"13":0,"14":0,"15":1,"16":1,"17":5,"18":20,"19":3,"20":5,"21":3,"22":12,"23":2},"b":{"0":[26,18],"1":[44,26],"2":[104,0],"3":[0,0],"4":[0,6],"5":[0,6],"6":[5,1],"7":[6,6],"8":[3,1,1],"9":[0,1],"10":[2,1],"11":[3,3],"12":[2,1],"13":[3,1],"14":[2,1],"15":[5,0],"16":[5,2],"17":[5,0],"18":[5,2],"19":[5,0],"20":[5,0]},"_coverageSchema":"1a1c01bbd47fc00a2c39e90264f33305004495a9","hash":"590964ab7de07261d73e94f65f466f4ab6f7a8fd"}
,"C:\\Users\\Lucas\\Bureau\\OPC\\Projets\\bill-app\\Billed-app-FR-Front\\src\\containers\\Login.js": {"path":"C:\\Users\\Lucas\\Bureau\\OPC\\Projets\\bill-app\\Billed-app-FR-Front\\src\\containers\\Login.js","statementMap":{"0":{"start":{"line":2,"column":31},"end":{"line":2,"column":33}},"1":{"start":{"line":7,"column":4},"end":{"line":7,"column":29}},"2":{"start":{"line":8,"column":4},"end":{"line":8,"column":37}},"3":{"start":{"line":9,"column":4},"end":{"line":9,"column":33}},"4":{"start":{"line":10,"column":4},"end":{"line":10,"column":47}},"5":{"start":{"line":11,"column":4},"end":{"line":11,"column":23}},"6":{"start":{"line":12,"column":25},"end":{"line":12,"column":89}},"7":{"start":{"line":13,"column":4},"end":{"line":13,"column":71}},"8":{"start":{"line":14,"column":22},"end":{"line":14,"column":83}},"9":{"start":{"line":15,"column":4},"end":{"line":15,"column":65}},"10":{"start":{"line":17,"column":25},"end":{"line":34,"column":3}},"11":{"start":{"line":18,"column":4},"end":{"line":18,"column":23}},"12":{"start":{"line":19,"column":17},"end":{"line":24,"column":5}},"13":{"start":{"line":25,"column":4},"end":{"line":25,"column":60}},"14":{"start":{"line":26,"column":4},"end":{"line":33,"column":9}},"15":{"start":{"line":27,"column":22},"end":{"line":27,"column":43}},"16":{"start":{"line":29,"column":8},"end":{"line":29,"column":46}},"17":{"start":{"line":30,"column":8},"end":{"line":30,"column":54}},"18":{"start":{"line":31,"column":8},"end":{"line":31,"column":51}},"19":{"start":{"line":32,"column":8},"end":{"line":32,"column":58}},"20":{"start":{"line":36,"column":22},"end":{"line":53,"column":3}},"21":{"start":{"line":37,"column":4},"end":{"line":37,"column":23}},"22":{"start":{"line":38,"column":17},"end":{"line":43,"column":5}},"23":{"start":{"line":44,"column":4},"end":{"line":44,"column":60}},"24":{"start":{"line":45,"column":4},"end":{"line":52,"column":9}},"25":{"start":{"line":46,"column":22},"end":{"line":46,"column":43}},"26":{"start":{"line":48,"column":8},"end":{"line":48,"column":50}},"27":{"start":{"line":49,"column":8},"end":{"line":49,"column":58}},"28":{"start":{"line":50,"column":8},"end":{"line":50,"column":51}},"29":{"start":{"line":51,"column":8},"end":{"line":51,"column":53}},"30":{"start":{"line":56,"column":10},"end":{"line":71,"column":3}},"31":{"start":{"line":57,"column":4},"end":{"line":70,"column":5}},"32":{"start":{"line":58,"column":6},"end":{"line":67,"column":11}},"33":{"start":{"line":66,"column":10},"end":{"line":66,"column":43}},"34":{"start":{"line":69,"column":6},"end":{"line":69,"column":18}},"35":{"start":{"line":74,"column":15},"end":{"line":93,"column":3}},"36":{"start":{"line":75,"column":4},"end":{"line":92,"column":5}},"37":{"start":{"line":76,"column":6},"end":{"line":89,"column":11}},"38":{"start":{"line":87,"column":10},"end":{"line":87,"column":60}},"39":{"start":{"line":88,"column":10},"end":{"line":88,"column":34}},"40":{"start":{"line":91,"column":6},"end":{"line":91,"column":18}}},"fnMap":{"0":{"name":"(anonymous_0)","decl":{"start":{"line":6,"column":2},"end":{"line":6,"column":3}},"loc":{"start":{"line":6,"column":80},"end":{"line":16,"column":3}},"line":6},"1":{"name":"(anonymous_1)","decl":{"start":{"line":17,"column":25},"end":{"line":17,"column":26}},"loc":{"start":{"line":17,"column":32},"end":{"line":34,"column":3}},"line":17},"2":{"name":"(anonymous_2)","decl":{"start":{"line":27,"column":13},"end":{"line":27,"column":14}},"loc":{"start":{"line":27,"column":22},"end":{"line":27,"column":43}},"line":27},"3":{"name":"(anonymous_3)","decl":{"start":{"line":28,"column":12},"end":{"line":28,"column":13}},"loc":{"start":{"line":28,"column":18},"end":{"line":33,"column":7}},"line":28},"4":{"name":"(anonymous_4)","decl":{"start":{"line":36,"column":22},"end":{"line":36,"column":23}},"loc":{"start":{"line":36,"column":29},"end":{"line":53,"column":3}},"line":36},"5":{"name":"(anonymous_5)","decl":{"start":{"line":46,"column":13},"end":{"line":46,"column":14}},"loc":{"start":{"line":46,"column":22},"end":{"line":46,"column":43}},"line":46},"6":{"name":"(anonymous_6)","decl":{"start":{"line":47,"column":12},"end":{"line":47,"column":13}},"loc":{"start":{"line":47,"column":18},"end":{"line":52,"column":7}},"line":47},"7":{"name":"(anonymous_7)","decl":{"start":{"line":56,"column":10},"end":{"line":56,"column":11}},"loc":{"start":{"line":56,"column":20},"end":{"line":71,"column":3}},"line":56},"8":{"name":"(anonymous_8)","decl":{"start":{"line":65,"column":14},"end":{"line":65,"column":15}},"loc":{"start":{"line":65,"column":27},"end":{"line":67,"column":9}},"line":65},"9":{"name":"(anonymous_9)","decl":{"start":{"line":74,"column":15},"end":{"line":74,"column":16}},"loc":{"start":{"line":74,"column":25},"end":{"line":93,"column":3}},"line":74},"10":{"name":"(anonymous_10)","decl":{"start":{"line":86,"column":14},"end":{"line":86,"column":15}},"loc":{"start":{"line":86,"column":20},"end":{"line":89,"column":9}},"line":86}},"branchMap":{"0":{"loc":{"start":{"line":57,"column":4},"end":{"line":70,"column":5}},"type":"if","locations":[{"start":{"line":57,"column":4},"end":{"line":70,"column":5}},{"start":{"line":68,"column":11},"end":{"line":70,"column":5}}],"line":57},"1":{"loc":{"start":{"line":75,"column":4},"end":{"line":92,"column":5}},"type":"if","locations":[{"start":{"line":75,"column":4},"end":{"line":92,"column":5}},{"start":{"line":90,"column":11},"end":{"line":92,"column":5}}],"line":75}},"s":{"0":4,"1":4,"2":4,"3":4,"4":4,"5":4,"6":4,"7":4,"8":4,"9":4,"10":4,"11":2,"12":2,"13":2,"14":2,"15":0,"16":2,"17":2,"18":2,"19":2,"20":4,"21":2,"22":2,"23":2,"24":2,"25":0,"26":2,"27":2,"28":2,"29":2,"30":4,"31":0,"32":0,"33":0,"34":0,"35":4,"36":0,"37":0,"38":0,"39":0,"40":0},"f":{"0":4,"1":2,"2":0,"3":2,"4":2,"5":0,"6":2,"7":0,"8":0,"9":0,"10":0},"b":{"0":[0,0],"1":[0,0]},"_coverageSchema":"1a1c01bbd47fc00a2c39e90264f33305004495a9","hash":"0c56fa48643488b5ab8581962cf508300653af8c"}
,"C:\\Users\\Lucas\\Bureau\\OPC\\Projets\\bill-app\\Billed-app-FR-Front\\src\\containers\\Logout.js": {"path":"C:\\Users\\Lucas\\Bureau\\OPC\\Projets\\bill-app\\Billed-app-FR-Front\\src\\containers\\Logout.js","statementMap":{"0":{"start":{"line":5,"column":4},"end":{"line":5,"column":29}},"1":{"start":{"line":6,"column":4},"end":{"line":6,"column":33}},"2":{"start":{"line":7,"column":4},"end":{"line":7,"column":37}},"3":{"start":{"line":8,"column":4},"end":{"line":8,"column":52}},"4":{"start":{"line":11,"column":16},"end":{"line":14,"column":3}},"5":{"start":{"line":12,"column":4},"end":{"line":12,"column":30}},"6":{"start":{"line":13,"column":4},"end":{"line":13,"column":42}}},"fnMap":{"0":{"name":"(anonymous_0)","decl":{"start":{"line":4,"column":2},"end":{"line":4,"column":3}},"loc":{"start":{"line":4,"column":54},"end":{"line":9,"column":3}},"line":4},"1":{"name":"(anonymous_1)","decl":{"start":{"line":11,"column":16},"end":{"line":11,"column":17}},"loc":{"start":{"line":11,"column":23},"end":{"line":14,"column":3}},"line":11}},"branchMap":{},"s":{"0":34,"1":34,"2":34,"3":34,"4":34,"5":2,"6":2},"f":{"0":34,"1":2},"b":{},"_coverageSchema":"1a1c01bbd47fc00a2c39e90264f33305004495a9","hash":"d586e78f9cfc4c727bdf8e726d85cc758cb6f764"}
,"C:\\Users\\Lucas\\Bureau\\OPC\\Projets\\bill-app\\Billed-app-FR-Front\\src\\containers\\NewBill.js": {"path":"C:\\Users\\Lucas\\Bureau\\OPC\\Projets\\bill-app\\Billed-app-FR-Front\\src\\containers\\NewBill.js","statementMap":{"0":{"start":{"line":6,"column":4},"end":{"line":6,"column":29}},"1":{"start":{"line":7,"column":4},"end":{"line":7,"column":33}},"2":{"start":{"line":8,"column":4},"end":{"line":8,"column":23}},"3":{"start":{"line":9,"column":24},"end":{"line":9,"column":88}},"4":{"start":{"line":10,"column":4},"end":{"line":10,"column":62}},"5":{"start":{"line":11,"column":17},"end":{"line":11,"column":73}},"6":{"start":{"line":12,"column":4},"end":{"line":12,"column":59}},"7":{"start":{"line":13,"column":4},"end":{"line":13,"column":24}},"8":{"start":{"line":14,"column":4},"end":{"line":14,"column":25}},"9":{"start":{"line":15,"column":4},"end":{"line":15,"column":23}},"10":{"start":{"line":16,"column":4},"end":{"line":16,"column":55}},"11":{"start":{"line":18,"column":21},"end":{"line":50,"column":3}},"12":{"start":{"line":19,"column":4},"end":{"line":19,"column":23}},"13":{"start":{"line":20,"column":17},"end":{"line":20,"column":82}},"14":{"start":{"line":21,"column":21},"end":{"line":21,"column":48}},"15":{"start":{"line":22,"column":21},"end":{"line":22,"column":50}},"16":{"start":{"line":24,"column":19},"end":{"line":24,"column":55}},"17":{"start":{"line":26,"column":4},"end":{"line":49,"column":5}},"18":{"start":{"line":27,"column":6},"end":{"line":27,"column":74}},"19":{"start":{"line":29,"column":23},"end":{"line":29,"column":37}},"20":{"start":{"line":30,"column":20},"end":{"line":30,"column":66}},"21":{"start":{"line":31,"column":6},"end":{"line":31,"column":36}},"22":{"start":{"line":32,"column":6},"end":{"line":32,"column":38}},"23":{"start":{"line":34,"column":6},"end":{"line":48,"column":48}},"24":{"start":{"line":43,"column":10},"end":{"line":43,"column":31}},"25":{"start":{"line":44,"column":10},"end":{"line":44,"column":28}},"26":{"start":{"line":45,"column":10},"end":{"line":45,"column":33}},"27":{"start":{"line":46,"column":10},"end":{"line":46,"column":35}},"28":{"start":{"line":48,"column":26},"end":{"line":48,"column":46}},"29":{"start":{"line":51,"column":17},"end":{"line":70,"column":3}},"30":{"start":{"line":52,"column":4},"end":{"line":52,"column":23}},"31":{"start":{"line":53,"column":4},"end":{"line":53,"column":148}},"32":{"start":{"line":54,"column":18},"end":{"line":54,"column":64}},"33":{"start":{"line":55,"column":17},"end":{"line":67,"column":5}},"34":{"start":{"line":68,"column":4},"end":{"line":68,"column":26}},"35":{"start":{"line":69,"column":4},"end":{"line":69,"column":42}},"36":{"start":{"line":73,"column":15},"end":{"line":83,"column":3}},"37":{"start":{"line":74,"column":4},"end":{"line":82,"column":5}},"38":{"start":{"line":75,"column":6},"end":{"line":81,"column":48}},"39":{"start":{"line":79,"column":10},"end":{"line":79,"column":48}},"40":{"start":{"line":81,"column":26},"end":{"line":81,"column":46}}},"fnMap":{"0":{"name":"(anonymous_0)","decl":{"start":{"line":5,"column":2},"end":{"line":5,"column":3}},"loc":{"start":{"line":5,"column":61},"end":{"line":17,"column":3}},"line":5},"1":{"name":"(anonymous_1)","decl":{"start":{"line":18,"column":21},"end":{"line":18,"column":22}},"loc":{"start":{"line":18,"column":28},"end":{"line":50,"column":3}},"line":18},"2":{"name":"(anonymous_2)","decl":{"start":{"line":42,"column":14},"end":{"line":42,"column":15}},"loc":{"start":{"line":42,"column":36},"end":{"line":47,"column":9}},"line":42},"3":{"name":"(anonymous_3)","decl":{"start":{"line":48,"column":15},"end":{"line":48,"column":16}},"loc":{"start":{"line":48,"column":26},"end":{"line":48,"column":46}},"line":48},"4":{"name":"(anonymous_4)","decl":{"start":{"line":51,"column":17},"end":{"line":51,"column":18}},"loc":{"start":{"line":51,"column":24},"end":{"line":70,"column":3}},"line":51},"5":{"name":"(anonymous_5)","decl":{"start":{"line":73,"column":15},"end":{"line":73,"column":16}},"loc":{"start":{"line":73,"column":25},"end":{"line":83,"column":3}},"line":73},"6":{"name":"(anonymous_6)","decl":{"start":{"line":78,"column":14},"end":{"line":78,"column":15}},"loc":{"start":{"line":78,"column":20},"end":{"line":80,"column":9}},"line":78},"7":{"name":"(anonymous_7)","decl":{"start":{"line":81,"column":15},"end":{"line":81,"column":16}},"loc":{"start":{"line":81,"column":26},"end":{"line":81,"column":46}},"line":81}},"branchMap":{"0":{"loc":{"start":{"line":26,"column":4},"end":{"line":49,"column":5}},"type":"if","locations":[{"start":{"line":26,"column":4},"end":{"line":49,"column":5}},{"start":{"line":28,"column":11},"end":{"line":49,"column":5}}],"line":26},"1":{"loc":{"start":{"line":62,"column":11},"end":{"line":62,"column":83}},"type":"binary-expr","locations":[{"start":{"line":62,"column":11},"end":{"line":62,"column":77}},{"start":{"line":62,"column":81},"end":{"line":62,"column":83}}],"line":62},"2":{"loc":{"start":{"line":74,"column":4},"end":{"line":82,"column":5}},"type":"if","locations":[{"start":{"line":74,"column":4},"end":{"line":82,"column":5}},{"start":{},"end":{}}],"line":74}},"s":{"0":6,"1":6,"2":6,"3":6,"4":6,"5":6,"6":6,"7":6,"8":6,"9":6,"10":6,"11":6,"12":5,"13":5,"14":5,"15":5,"16":5,"17":5,"18":2,"19":3,"20":3,"21":3,"22":3,"23":3,"24":3,"25":3,"26":3,"27":3,"28":0,"29":6,"30":5,"31":5,"32":5,"33":5,"34":5,"35":5,"36":6,"37":5,"38":3,"39":3,"40":0},"f":{"0":6,"1":5,"2":3,"3":0,"4":5,"5":5,"6":3,"7":0},"b":{"0":[2,3],"1":[5,5],"2":[3,2]},"_coverageSchema":"1a1c01bbd47fc00a2c39e90264f33305004495a9","hash":"38ec8def42bc329e1e5619676c5f4b7edfba9407"}
,"C:\\Users\\Lucas\\Bureau\\OPC\\Projets\\bill-app\\Billed-app-FR-Front\\src\\views\\Actions.js": {"path":"C:\\Users\\Lucas\\Bureau\\OPC\\Projets\\bill-app\\Billed-app-FR-Front\\src\\views\\Actions.js","statementMap":{"0":{"start":{"line":5,"column":2},"end":{"line":9,"column":12}}},"fnMap":{"0":{"name":"(anonymous_0)","decl":{"start":{"line":4,"column":15},"end":{"line":4,"column":16}},"loc":{"start":{"line":4,"column":28},"end":{"line":10,"column":1}},"line":4}},"branchMap":{},"s":{"0":18},"f":{"0":18},"b":{},"_coverageSchema":"1a1c01bbd47fc00a2c39e90264f33305004495a9","hash":"e74e801238bf78c95a6a7a15abbd254bb6a742e5"}
,"C:\\Users\\Lucas\\Bureau\\OPC\\Projets\\bill-app\\Billed-app-FR-Front\\src\\views\\BillsUI.js": {"path":"C:\\Users\\Lucas\\Bureau\\OPC\\Projets\\bill-app\\Billed-app-FR-Front\\src\\views\\BillsUI.js","statementMap":{"0":{"start":{"line":7,"column":12},"end":{"line":20,"column":1}},"1":{"start":{"line":8,"column":2},"end":{"line":19,"column":6}},"2":{"start":{"line":22,"column":13},"end":{"line":25,"column":1}},"3":{"start":{"line":23,"column":2},"end":{"line":23,"column":91}},"4":{"start":{"line":23,"column":24},"end":{"line":23,"column":88}},"5":{"start":{"line":24,"column":2},"end":{"line":24,"column":75}},"6":{"start":{"line":24,"column":50},"end":{"line":24,"column":59}},"7":{"start":{"line":28,"column":16},"end":{"line":43,"column":3}},"8":{"start":{"line":28,"column":22},"end":{"line":43,"column":3}},"9":{"start":{"line":45,"column":2},"end":{"line":49,"column":3}},"10":{"start":{"line":46,"column":4},"end":{"line":46,"column":25}},"11":{"start":{"line":47,"column":9},"end":{"line":49,"column":3}},"12":{"start":{"line":48,"column":4},"end":{"line":48,"column":28}},"13":{"start":{"line":51,"column":2},"end":{"line":78,"column":12}}},"fnMap":{"0":{"name":"(anonymous_0)","decl":{"start":{"line":7,"column":12},"end":{"line":7,"column":13}},"loc":{"start":{"line":7,"column":22},"end":{"line":20,"column":1}},"line":7},"1":{"name":"(anonymous_1)","decl":{"start":{"line":22,"column":13},"end":{"line":22,"column":14}},"loc":{"start":{"line":22,"column":23},"end":{"line":25,"column":1}},"line":22},"2":{"name":"(anonymous_2)","decl":{"start":{"line":23,"column":13},"end":{"line":23,"column":14}},"loc":{"start":{"line":23,"column":24},"end":{"line":23,"column":88}},"line":23},"3":{"name":"(anonymous_3)","decl":{"start":{"line":24,"column":40},"end":{"line":24,"column":41}},"loc":{"start":{"line":24,"column":50},"end":{"line":24,"column":59}},"line":24},"4":{"name":"(anonymous_4)","decl":{"start":{"line":27,"column":15},"end":{"line":27,"column":16}},"loc":{"start":{"line":27,"column":52},"end":{"line":79,"column":1}},"line":27},"5":{"name":"(anonymous_5)","decl":{"start":{"line":28,"column":16},"end":{"line":28,"column":17}},"loc":{"start":{"line":28,"column":22},"end":{"line":43,"column":3}},"line":28}},"branchMap":{"0":{"loc":{"start":{"line":23,"column":24},"end":{"line":23,"column":88}},"type":"cond-expr","locations":[{"start":{"line":23,"column":82},"end":{"line":23,"column":83}},{"start":{"line":23,"column":86},"end":{"line":23,"column":88}}],"line":23},"1":{"loc":{"start":{"line":23,"column":25},"end":{"line":23,"column":49}},"type":"binary-expr","locations":[{"start":{"line":23,"column":25},"end":{"line":23,"column":39}},{"start":{"line":23,"column":43},"end":{"line":23,"column":49}}],"line":23},"2":{"loc":{"start":{"line":23,"column":54},"end":{"line":23,"column":78}},"type":"binary-expr","locations":[{"start":{"line":23,"column":54},"end":{"line":23,"column":68}},{"start":{"line":23,"column":72},"end":{"line":23,"column":78}}],"line":23},"3":{"loc":{"start":{"line":24,"column":9},"end":{"line":24,"column":74}},"type":"cond-expr","locations":[{"start":{"line":24,"column":31},"end":{"line":24,"column":69}},{"start":{"line":24,"column":72},"end":{"line":24,"column":74}}],"line":24},"4":{"loc":{"start":{"line":24,"column":9},"end":{"line":24,"column":28}},"type":"binary-expr","locations":[{"start":{"line":24,"column":9},"end":{"line":24,"column":13}},{"start":{"line":24,"column":17},"end":{"line":24,"column":28}}],"line":24},"5":{"loc":{"start":{"line":45,"column":2},"end":{"line":49,"column":3}},"type":"if","locations":[{"start":{"line":45,"column":2},"end":{"line":49,"column":3}},{"start":{"line":47,"column":9},"end":{"line":49,"column":3}}],"line":45},"6":{"loc":{"start":{"line":47,"column":9},"end":{"line":49,"column":3}},"type":"if","locations":[{"start":{"line":47,"column":9},"end":{"line":49,"column":3}},{"start":{},"end":{}}],"line":47}},"s":{"0":6,"1":16,"2":6,"3":13,"4":21,"5":13,"6":16,"7":30,"8":13,"9":30,"10":8,"11":22,"12":9,"13":13},"f":{"0":16,"1":13,"2":21,"3":16,"4":30,"5":13},"b":{"0":[12,9],"1":[21,21],"2":[21,21],"3":[4,9],"4":[13,5],"5":[8,22],"6":[9,13]},"_coverageSchema":"1a1c01bbd47fc00a2c39e90264f33305004495a9","hash":"bad669ea060c904e2770b2ef4c03952b83987007"}
,"C:\\Users\\Lucas\\Bureau\\OPC\\Projets\\bill-app\\Billed-app-FR-Front\\src\\views\\DashboardFormUI.js": {"path":"C:\\Users\\Lucas\\Bureau\\OPC\\Projets\\bill-app\\Billed-app-FR-Front\\src\\views\\DashboardFormUI.js","statementMap":{"0":{"start":{"line":7,"column":21},"end":{"line":22,"column":3}},"1":{"start":{"line":7,"column":27},"end":{"line":22,"column":3}},"2":{"start":{"line":25,"column":2},"end":{"line":108,"column":4}}},"fnMap":{"0":{"name":"(anonymous_0)","decl":{"start":{"line":7,"column":21},"end":{"line":7,"column":22}},"loc":{"start":{"line":7,"column":27},"end":{"line":22,"column":3}},"line":7},"1":{"name":"(anonymous_1)","decl":{"start":{"line":24,"column":15},"end":{"line":24,"column":16}},"loc":{"start":{"line":24,"column":25},"end":{"line":109,"column":1}},"line":24}},"branchMap":{"0":{"loc":{"start":{"line":79,"column":9},"end":{"line":91,"column":8}},"type":"cond-expr","locations":[{"start":{"line":80,"column":13},"end":{"line":85,"column":8}},{"start":{"line":86,"column":13},"end":{"line":91,"column":8}}],"line":79},"1":{"loc":{"start":{"line":96,"column":8},"end":{"line":103,"column":14}},"type":"cond-expr","locations":[{"start":{"line":97,"column":12},"end":{"line":102,"column":7}},{"start":{"line":103,"column":12},"end":{"line":103,"column":14}}],"line":96}},"s":{"0":7,"1":9,"2":9},"f":{"0":9,"1":9},"b":{"0":[6,3],"1":[6,3]},"_coverageSchema":"1a1c01bbd47fc00a2c39e90264f33305004495a9","hash":"e5924d04feb1528f963e123d66128503f9281288"}
,"C:\\Users\\Lucas\\Bureau\\OPC\\Projets\\bill-app\\Billed-app-FR-Front\\src\\views\\DashboardUI.js": {"path":"C:\\Users\\Lucas\\Bureau\\OPC\\Projets\\bill-app\\Billed-app-FR-Front\\src\\views\\DashboardUI.js","statementMap":{"0":{"start":{"line":9,"column":2},"end":{"line":13,"column":3}},"1":{"start":{"line":10,"column":4},"end":{"line":10,"column":25}},"2":{"start":{"line":11,"column":9},"end":{"line":13,"column":3}},"3":{"start":{"line":12,"column":4},"end":{"line":12,"column":28}},"4":{"start":{"line":15,"column":2},"end":{"line":46,"column":12}}},"fnMap":{"0":{"name":"(anonymous_0)","decl":{"start":{"line":8,"column":15},"end":{"line":8,"column":16}},"loc":{"start":{"line":8,"column":45},"end":{"line":47,"column":1}},"line":8}},"branchMap":{"0":{"loc":{"start":{"line":9,"column":2},"end":{"line":13,"column":3}},"type":"if","locations":[{"start":{"line":9,"column":2},"end":{"line":13,"column":3}},{"start":{"line":11,"column":9},"end":{"line":13,"column":3}}],"line":9},"1":{"loc":{"start":{"line":11,"column":9},"end":{"line":13,"column":3}},"type":"if","locations":[{"start":{"line":11,"column":9},"end":{"line":13,"column":3}},{"start":{},"end":{}}],"line":11},"2":{"loc":{"start":{"line":21,"column":45},"end":{"line":21,"column":63}},"type":"binary-expr","locations":[{"start":{"line":21,"column":45},"end":{"line":21,"column":49}},{"start":{"line":21,"column":53},"end":{"line":21,"column":63}}],"line":21},"3":{"loc":{"start":{"line":28,"column":43},"end":{"line":28,"column":61}},"type":"binary-expr","locations":[{"start":{"line":28,"column":43},"end":{"line":28,"column":47}},{"start":{"line":28,"column":51},"end":{"line":28,"column":61}}],"line":28},"4":{"loc":{"start":{"line":35,"column":43},"end":{"line":35,"column":61}},"type":"binary-expr","locations":[{"start":{"line":35,"column":43},"end":{"line":35,"column":47}},{"start":{"line":35,"column":51},"end":{"line":35,"column":61}}],"line":35}},"s":{"0":21,"1":6,"2":15,"3":3,"4":12},"f":{"0":21},"b":{"0":[6,15],"1":[3,12],"2":[12,7],"3":[12,7],"4":[12,7]},"_coverageSchema":"1a1c01bbd47fc00a2c39e90264f33305004495a9","hash":"9ed82ec03f43b1d2e03cbafed99e4ce5ccec19da"}
,"C:\\Users\\Lucas\\Bureau\\OPC\\Projets\\bill-app\\Billed-app-FR-Front\\src\\views\\ErrorPage.js": {"path":"C:\\Users\\Lucas\\Bureau\\OPC\\Projets\\bill-app\\Billed-app-FR-Front\\src\\views\\ErrorPage.js","statementMap":{"0":{"start":{"line":4,"column":2},"end":{"line":14,"column":12}}},"fnMap":{"0":{"name":"(anonymous_0)","decl":{"start":{"line":3,"column":15},"end":{"line":3,"column":16}},"loc":{"start":{"line":3,"column":26},"end":{"line":15,"column":1}},"line":3}},"branchMap":{"0":{"loc":{"start":{"line":12,"column":12},"end":{"line":12,"column":30}},"type":"cond-expr","locations":[{"start":{"line":12,"column":20},"end":{"line":12,"column":25}},{"start":{"line":12,"column":28},"end":{"line":12,"column":30}}],"line":12}},"s":{"0":14},"f":{"0":14},"b":{"0":[13,1]},"_coverageSchema":"1a1c01bbd47fc00a2c39e90264f33305004495a9","hash":"0ee47d3bc25f9b6e0cc3b0a688c9aad104517b37"}
,"C:\\Users\\Lucas\\Bureau\\OPC\\Projets\\bill-app\\Billed-app-FR-Front\\src\\views\\LoadingPage.js": {"path":"C:\\Users\\Lucas\\Bureau\\OPC\\Projets\\bill-app\\Billed-app-FR-Front\\src\\views\\LoadingPage.js","statementMap":{"0":{"start":{"line":4,"column":2},"end":{"line":10,"column":12}}},"fnMap":{"0":{"name":"(anonymous_0)","decl":{"start":{"line":3,"column":15},"end":{"line":3,"column":16}},"loc":{"start":{"line":3,"column":21},"end":{"line":11,"column":1}},"line":3}},"branchMap":{},"s":{"0":15},"f":{"0":15},"b":{},"_coverageSchema":"1a1c01bbd47fc00a2c39e90264f33305004495a9","hash":"700e898ae71872ce120946d7746c18abbb0d5a02"}
,"C:\\Users\\Lucas\\Bureau\\OPC\\Projets\\bill-app\\Billed-app-FR-Front\\src\\views\\LoginUI.js": {"path":"C:\\Users\\Lucas\\Bureau\\OPC\\Projets\\bill-app\\Billed-app-FR-Front\\src\\views\\LoginUI.js","statementMap":{"0":{"start":{"line":2,"column":2},"end":{"line":44,"column":4}}},"fnMap":{"0":{"name":"(anonymous_0)","decl":{"start":{"line":1,"column":15},"end":{"line":1,"column":16}},"loc":{"start":{"line":1,"column":21},"end":{"line":45,"column":1}},"line":1}},"branchMap":{},"s":{"0":19},"f":{"0":19},"b":{},"_coverageSchema":"1a1c01bbd47fc00a2c39e90264f33305004495a9","hash":"72d05ff4691c7792f09467b11ce6ff9db09b1ebb"}
,"C:\\Users\\Lucas\\Bureau\\OPC\\Projets\\bill-app\\Billed-app-FR-Front\\src\\views\\NewBillUI.js": {"path":"C:\\Users\\Lucas\\Bureau\\OPC\\Projets\\bill-app\\Billed-app-FR-Front\\src\\views\\NewBillUI.js","statementMap":{"0":{"start":{"line":4,"column":2},"end":{"line":72,"column":4}}},"fnMap":{"0":{"name":"(anonymous_0)","decl":{"start":{"line":3,"column":15},"end":{"line":3,"column":16}},"loc":{"start":{"line":3,"column":21},"end":{"line":73,"column":1}},"line":3}},"branchMap":{},"s":{"0":8},"f":{"0":8},"b":{},"_coverageSchema":"1a1c01bbd47fc00a2c39e90264f33305004495a9","hash":"39d17acaa7efacadf1d88ac3acbd16a82ae8b3e7"}
,"C:\\Users\\Lucas\\Bureau\\OPC\\Projets\\bill-app\\Billed-app-FR-Front\\src\\views\\VerticalLayout.js": {"path":"C:\\Users\\Lucas\\Bureau\\OPC\\Projets\\bill-app\\Billed-app-FR-Front\\src\\views\\VerticalLayout.js","statementMap":{"0":{"start":{"line":7,"column":2},"end":{"line":7,"column":50}},"1":{"start":{"line":8,"column":2},"end":{"line":10,"column":3}},"2":{"start":{"line":9,"column":4},"end":{"line":9,"column":28}},"3":{"start":{"line":11,"column":2},"end":{"line":35,"column":3}},"4":{"start":{"line":12,"column":4},"end":{"line":25,"column":10}},"5":{"start":{"line":27,"column":4},"end":{"line":34,"column":10}}},"fnMap":{"0":{"name":"(anonymous_0)","decl":{"start":{"line":5,"column":15},"end":{"line":5,"column":16}},"loc":{"start":{"line":5,"column":27},"end":{"line":36,"column":1}},"line":5}},"branchMap":{"0":{"loc":{"start":{"line":8,"column":2},"end":{"line":10,"column":3}},"type":"if","locations":[{"start":{"line":8,"column":2},"end":{"line":10,"column":3}},{"start":{},"end":{}}],"line":8},"1":{"loc":{"start":{"line":11,"column":2},"end":{"line":35,"column":3}},"type":"if","locations":[{"start":{"line":11,"column":2},"end":{"line":35,"column":3}},{"start":{"line":26,"column":9},"end":{"line":35,"column":3}}],"line":11},"2":{"loc":{"start":{"line":11,"column":6},"end":{"line":11,"column":38}},"type":"binary-expr","locations":[{"start":{"line":11,"column":6},"end":{"line":11,"column":10}},{"start":{"line":11,"column":14},"end":{"line":11,"column":38}}],"line":11}},"s":{"0":63,"1":63,"2":46,"3":63,"4":35,"5":28},"f":{"0":63},"b":{"0":[46,17],"1":[35,28],"2":[63,51]},"_coverageSchema":"1a1c01bbd47fc00a2c39e90264f33305004495a9","hash":"0f101dfabdc212486220f18115c535d771be09f9"}
}
