TN:
SF:src\constants\routes.js
FN:13,(anonymous_0)
FNF:1
FNH:1
FNDA:54,(anonymous_0)
DA:6,6
DA:13,6
DA:14,54
DA:16,10
DA:18,23
DA:20,6
DA:22,12
DA:24,3
LF:8
LH:8
BRDA:14,0,0,10
BRDA:14,0,1,23
BRDA:14,0,2,6
BRDA:14,0,3,12
BRDA:14,0,4,3
BRF:5
BRH:5
end_of_record
TN:
SF:src\constants\usersTest.js
FNF:0
FNH:0
LF:0
LH:0
BRF:0
BRH:0
end_of_record
TN:
SF:src\containers\Bills.js
FN:6,(anonymous_0)
FN:16,(anonymous_1)
FN:17,(anonymous_2)
FN:22,(anonymous_3)
FN:26,(anonymous_4)
FN:35,(anonymous_5)
FN:40,(anonymous_6)
FN:41,(anonymous_7)
FNF:8
FNH:8
FNDA:13,(anonymous_0)
FNDA:24,(anonymous_1)
FNDA:1,(anonymous_2)
FNDA:2,(anonymous_3)
FNDA:2,(anonymous_4)
FNDA:9,(anonymous_5)
FNDA:3,(anonymous_6)
FNDA:12,(anonymous_7)
DA:7,13
DA:8,13
DA:9,13
DA:10,13
DA:12,13
DA:13,13
DA:15,13
DA:16,13
DA:17,24
DA:19,13
DA:22,13
DA:23,2
DA:26,13
DA:27,2
DA:28,2
DA:29,2
DA:32,2
DA:35,13
DA:36,9
DA:37,9
DA:41,3
DA:42,12
DA:43,12
DA:51,0
DA:52,0
DA:59,3
DA:60,3
LF:27
LH:25
BRDA:12,0,0,10
BRDA:12,0,1,3
BRDA:15,1,0,13
BRDA:15,1,1,0
BRDA:36,2,0,9
BRDA:36,2,1,0
BRF:6
BRH:4
end_of_record
TN:
SF:src\containers\Dashboard.js
FN:8,(anonymous_0)
FN:10,(anonymous_1)
FN:28,(anonymous_2)
FN:51,(anonymous_3)
FN:52,(anonymous_4)
FN:55,(anonymous_5)
FN:67,(anonymous_6)
FN:71,(anonymous_7)
FN:72,(anonymous_8)
FN:73,(anonymous_9)
FN:77,(anonymous_10)
FN:84,(anonymous_11)
FN:88,(anonymous_12)
FN:105,(anonymous_13)
FN:106,(anonymous_14)
FN:109,(anonymous_15)
FN:119,(anonymous_16)
FN:129,(anonymous_17)
FN:143,(anonymous_18)
FN:144,(anonymous_19)
FN:150,(anonymous_20)
FN:155,(anonymous_21)
FN:156,(anonymous_22)
FN:164,(anonymous_23)
FNF:24
FNH:19
FNDA:44,(anonymous_0)
FNDA:104,(anonymous_1)
FNDA:6,(anonymous_2)
FNDA:6,(anonymous_3)
FNDA:6,(anonymous_4)
FNDA:5,(anonymous_5)
FNDA:14,(anonymous_6)
FNDA:0,(anonymous_7)
FNDA:0,(anonymous_8)
FNDA:0,(anonymous_9)
FNDA:1,(anonymous_10)
FNDA:3,(anonymous_11)
FNDA:8,(anonymous_12)
FNDA:0,(anonymous_13)
FNDA:0,(anonymous_14)
FNDA:1,(anonymous_15)
FNDA:1,(anonymous_16)
FNDA:5,(anonymous_17)
FNDA:20,(anonymous_18)
FNDA:3,(anonymous_19)
FNDA:5,(anonymous_20)
FNDA:3,(anonymous_21)
FNDA:12,(anonymous_22)
FNDA:2,(anonymous_23)
DA:8,6
DA:9,44
DA:14,104
DA:15,104
DA:20,0
DA:23,104
DA:28,6
DA:29,6
DA:30,6
DA:31,6
DA:33,6
DA:51,6
DA:52,6
DA:55,6
DA:56,5
DA:58,3
DA:60,1
DA:62,1
DA:68,14
DA:69,14
DA:70,14
DA:71,14
DA:72,14
DA:73,14
DA:74,14
DA:77,14
DA:78,1
DA:79,1
DA:80,1
DA:81,1
DA:85,3
DA:86,3
DA:87,3
DA:88,2
DA:89,8
DA:91,2
DA:92,2
DA:93,2
DA:94,2
DA:96,1
DA:98,1
DA:101,1
DA:102,1
DA:104,3
DA:105,3
DA:106,3
DA:109,14
DA:110,1
DA:115,1
DA:116,1
DA:119,14
DA:120,1
DA:125,1
DA:126,1
DA:130,5
DA:131,5
DA:132,5
DA:133,5
DA:134,5
DA:135,5
DA:137,0
DA:138,0
DA:139,0
DA:142,5
DA:143,5
DA:144,20
DA:147,5
DA:150,14
DA:151,5
DA:152,5
DA:156,12
DA:162,3
DA:165,2
LF:73
LH:69
BRDA:9,0,0,26
BRDA:9,0,1,18
BRDA:9,1,0,44
BRDA:9,1,1,26
BRDA:14,2,0,104
BRDA:14,2,1,0
BRDA:20,3,0,0
BRDA:20,3,1,0
BRDA:30,4,0,0
BRDA:30,4,1,6
BRDA:31,5,0,0
BRDA:31,5,1,6
BRDA:52,6,0,5
BRDA:52,6,1,1
BRDA:52,7,0,6
BRDA:52,7,1,6
BRDA:56,8,0,3
BRDA:56,8,1,1
BRDA:56,8,2,1
BRDA:81,9,0,0
BRDA:81,9,1,1
BRDA:85,10,0,2
BRDA:85,10,1,1
BRDA:85,11,0,3
BRDA:85,11,1,3
BRDA:86,12,0,2
BRDA:86,12,1,1
BRDA:86,13,0,3
BRDA:86,13,1,1
BRDA:87,14,0,2
BRDA:87,14,1,1
BRDA:130,15,0,5
BRDA:130,15,1,0
BRDA:130,16,0,5
BRDA:130,16,1,2
BRDA:131,17,0,5
BRDA:131,17,1,0
BRDA:131,18,0,5
BRDA:131,18,1,2
BRDA:132,19,0,5
BRDA:132,19,1,0
BRDA:151,20,0,5
BRDA:151,20,1,0
BRF:43
BRH:33
end_of_record
TN:
SF:src\containers\Login.js
FN:6,(anonymous_0)
FN:17,(anonymous_1)
FN:27,(anonymous_2)
FN:28,(anonymous_3)
FN:36,(anonymous_4)
FN:46,(anonymous_5)
FN:47,(anonymous_6)
FN:56,(anonymous_7)
FN:65,(anonymous_8)
FN:74,(anonymous_9)
FN:86,(anonymous_10)
FNF:11
FNH:5
FNDA:4,(anonymous_0)
FNDA:2,(anonymous_1)
FNDA:0,(anonymous_2)
FNDA:2,(anonymous_3)
FNDA:2,(anonymous_4)
FNDA:0,(anonymous_5)
FNDA:2,(anonymous_6)
FNDA:0,(anonymous_7)
FNDA:0,(anonymous_8)
FNDA:0,(anonymous_9)
FNDA:0,(anonymous_10)
DA:2,4
DA:7,4
DA:8,4
DA:9,4
DA:10,4
DA:11,4
DA:12,4
DA:13,4
DA:14,4
DA:15,4
DA:17,4
DA:18,2
DA:19,2
DA:25,2
DA:26,2
DA:27,0
DA:29,2
DA:30,2
DA:31,2
DA:32,2
DA:36,4
DA:37,2
DA:38,2
DA:44,2
DA:45,2
DA:46,0
DA:48,2
DA:49,2
DA:50,2
DA:51,2
DA:56,4
DA:57,0
DA:58,0
DA:66,0
DA:69,0
DA:74,4
DA:75,0
DA:76,0
DA:87,0
DA:88,0
DA:91,0
LF:41
LH:30
BRDA:57,0,0,0
BRDA:57,0,1,0
BRDA:75,1,0,0
BRDA:75,1,1,0
BRF:4
BRH:0
end_of_record
TN:
SF:src\containers\Logout.js
FN:4,(anonymous_0)
FN:11,(anonymous_1)
FNF:2
FNH:2
FNDA:34,(anonymous_0)
FNDA:2,(anonymous_1)
DA:5,34
DA:6,34
DA:7,34
DA:8,34
DA:11,34
DA:12,2
DA:13,2
LF:7
LH:7
BRF:0
BRH:0
end_of_record
TN:
SF:src\containers\NewBill.js
FN:5,(anonymous_0)
FN:18,(anonymous_1)
FN:42,(anonymous_2)
FN:48,(anonymous_3)
FN:51,(anonymous_4)
FN:73,(anonymous_5)
FN:78,(anonymous_6)
FN:81,(anonymous_7)
FNF:8
FNH:6
FNDA:6,(anonymous_0)
FNDA:5,(anonymous_1)
FNDA:3,(anonymous_2)
FNDA:0,(anonymous_3)
FNDA:5,(anonymous_4)
FNDA:5,(anonymous_5)
FNDA:3,(anonymous_6)
FNDA:0,(anonymous_7)
DA:6,6
DA:7,6
DA:8,6
DA:9,6
DA:10,6
DA:11,6
DA:12,6
DA:13,6
DA:14,6
DA:15,6
DA:16,6
DA:18,6
DA:19,5
DA:20,5
DA:21,5
DA:22,5
DA:24,5
DA:26,5
DA:27,2
DA:29,3
DA:30,3
DA:31,3
DA:32,3
DA:34,3
DA:43,3
DA:44,3
DA:45,3
DA:46,3
DA:48,0
DA:51,6
DA:52,5
DA:53,5
DA:54,5
DA:55,5
DA:68,5
DA:69,5
DA:73,6
DA:74,5
DA:75,3
DA:79,3
DA:81,0
LF:41
LH:39
BRDA:26,0,0,2
BRDA:26,0,1,3
BRDA:62,1,0,5
BRDA:62,1,1,5
BRDA:74,2,0,3
BRDA:74,2,1,2
BRF:6
BRH:6
end_of_record
TN:
SF:src\views\Actions.js
FN:4,(anonymous_0)
FNF:1
FNH:1
FNDA:18,(anonymous_0)
DA:5,18
LF:1
LH:1
BRF:0
BRH:0
end_of_record
TN:
SF:src\views\BillsUI.js
FN:7,(anonymous_0)
FN:22,(anonymous_1)
FN:23,(anonymous_2)
FN:24,(anonymous_3)
FN:27,(anonymous_4)
FN:28,(anonymous_5)
FNF:6
FNH:6
FNDA:16,(anonymous_0)
FNDA:13,(anonymous_1)
FNDA:21,(anonymous_2)
FNDA:16,(anonymous_3)
FNDA:30,(anonymous_4)
FNDA:13,(anonymous_5)
DA:7,6
DA:8,16
DA:22,6
DA:23,21
DA:24,16
DA:28,30
DA:45,30
DA:46,8
DA:47,22
DA:48,9
DA:51,13
LF:11
LH:11
BRDA:23,0,0,12
BRDA:23,0,1,9
BRDA:23,1,0,21
BRDA:23,1,1,21
BRDA:23,2,0,21
BRDA:23,2,1,21
BRDA:24,3,0,4
BRDA:24,3,1,9
BRDA:24,4,0,13
BRDA:24,4,1,5
BRDA:45,5,0,8
BRDA:45,5,1,22
BRDA:47,6,0,9
BRDA:47,6,1,13
BRF:14
BRH:14
end_of_record
TN:
SF:src\views\DashboardFormUI.js
FN:7,(anonymous_0)
FN:24,(anonymous_1)
FNF:2
FNH:2
FNDA:9,(anonymous_0)
FNDA:9,(anonymous_1)
DA:7,9
DA:25,9
LF:2
LH:2
BRDA:79,0,0,6
BRDA:79,0,1,3
BRDA:96,1,0,6
BRDA:96,1,1,3
BRF:4
BRH:4
end_of_record
TN:
SF:src\views\DashboardUI.js
FN:8,(anonymous_0)
FNF:1
FNH:1
FNDA:21,(anonymous_0)
DA:9,21
DA:10,6
DA:11,15
DA:12,3
DA:15,12
LF:5
LH:5
BRDA:9,0,0,6
BRDA:9,0,1,15
BRDA:11,1,0,3
BRDA:11,1,1,12
BRDA:21,2,0,12
BRDA:21,2,1,7
BRDA:28,3,0,12
BRDA:28,3,1,7
BRDA:35,4,0,12
BRDA:35,4,1,7
BRF:10
BRH:10
end_of_record
TN:
SF:src\views\ErrorPage.js
FN:3,(anonymous_0)
FNF:1
FNH:1
FNDA:14,(anonymous_0)
DA:4,14
LF:1
LH:1
BRDA:12,0,0,13
BRDA:12,0,1,1
BRF:2
BRH:2
end_of_record
TN:
SF:src\views\LoadingPage.js
FN:3,(anonymous_0)
FNF:1
FNH:1
FNDA:15,(anonymous_0)
DA:4,15
LF:1
LH:1
BRF:0
BRH:0
end_of_record
TN:
SF:src\views\LoginUI.js
FN:1,(anonymous_0)
FNF:1
FNH:1
FNDA:19,(anonymous_0)
DA:2,19
LF:1
LH:1
BRF:0
BRH:0
end_of_record
TN:
SF:src\views\NewBillUI.js
FN:3,(anonymous_0)
FNF:1
FNH:1
FNDA:8,(anonymous_0)
DA:4,8
LF:1
LH:1
BRF:0
BRH:0
end_of_record
TN:
SF:src\views\VerticalLayout.js
FN:5,(anonymous_0)
FNF:1
FNH:1
FNDA:63,(anonymous_0)
DA:7,63
DA:8,63
DA:9,46
DA:11,63
DA:12,35
DA:27,28
LF:6
LH:6
BRDA:8,0,0,46
BRDA:8,0,1,17
BRDA:11,1,0,35
BRDA:11,1,1,28
BRDA:11,2,0,63
BRDA:11,2,1,51
BRF:6
BRH:6
end_of_record
